[debug] [2018-04-04T00:56:57.088Z] ----------------------------------------------------------------------
[debug] [2018-04-04T00:56:57.091Z] Command:       /usr/local/Cellar/node/8.1.0_1/bin/node /usr/local/bin/firebase serve
[debug] [2018-04-04T00:56:57.092Z] CLI Version:   3.17.4
[debug] [2018-04-04T00:56:57.092Z] Platform:      darwin
[debug] [2018-04-04T00:56:57.092Z] Node Version:  v8.1.0
[debug] [2018-04-04T00:56:57.092Z] Time:          Tue Apr 03 2018 19:56:57 GMT-0500 (CDT)
[debug] [2018-04-04T00:56:57.092Z] ----------------------------------------------------------------------
[debug] 
[debug] [2018-04-04T00:56:57.109Z] > command requires scopes: ["email","openid","https://www.googleapis.com/auth/cloudplatformprojects.readonly","https://www.googleapis.com/auth/firebase","https://www.googleapis.com/auth/cloud-platform"]
[debug] [2018-04-04T00:56:57.109Z] > authorizing via signed-in user
[debug] [2018-04-04T00:56:57.112Z] > refreshing access token with scopes: ["email","https://www.googleapis.com/auth/cloud-platform","https://www.googleapis.com/auth/cloudplatformprojects.readonly","https://www.googleapis.com/auth/firebase","openid"]
[debug] [2018-04-04T00:56:57.112Z] >>> HTTP REQUEST POST https://www.googleapis.com/oauth2/v3/token  
 { refresh_token: '1/TRmRtl_FzjDYay1gailvX7F0VjN9cEKQO49O5To7G8k',
  client_id: '563584335869-fgrhgmd47bqnekij5i8b5pr03ho849e6.apps.googleusercontent.com',
  client_secret: 'j9iVZfS8kkCEFUPaAeJV0sAi',
  grant_type: 'refresh_token',
  scope: 'email https://www.googleapis.com/auth/cloud-platform https://www.googleapis.com/auth/cloudplatformprojects.readonly https://www.googleapis.com/auth/firebase openid' } 
 Tue Apr 03 2018 19:56:57 GMT-0500 (CDT)
[debug] [2018-04-04T00:56:57.374Z] <<< HTTP RESPONSE 200
[debug] [2018-04-04T00:56:57.487Z] >>> HTTP REQUEST GET https://admin.firebase.com/v1/projects/geekshubs-b97d3  
  
 Tue Apr 03 2018 19:56:57 GMT-0500 (CDT)
[debug] [2018-04-04T00:56:57.877Z] <<< HTTP RESPONSE 200
[debug] [2018-04-04T00:56:57.878Z] >>> HTTP REQUEST GET https://admin.firebase.com/v1/database/geekshubs-b97d3/tokens  
  
 Tue Apr 03 2018 19:56:57 GMT-0500 (CDT)
[debug] [2018-04-04T00:56:58.374Z] <<< HTTP RESPONSE 200
[info] 
[info] === Serving from '/Users/davidcermenomoranchel/Development/geekshubs/sesion_4'...
[info] 
[debug] [2018-04-04T00:56:58.377Z] >>> HTTP REQUEST GET https://cloudresourcemanager.googleapis.com/v1/projects/geekshubs-b97d3  
  
 Tue Apr 03 2018 19:56:58 GMT-0500 (CDT)
[debug] [2018-04-04T00:56:58.711Z] <<< HTTP RESPONSE 200
[debug] [2018-04-04T00:56:58.711Z] >>> HTTP REQUEST GET https://mobilesdk-pa.googleapis.com/v1/projects/541708750205/clients/_:getWebAppConfig  
  
 Tue Apr 03 2018 19:56:58 GMT-0500 (CDT)
[debug] [2018-04-04T00:56:59.192Z] <<< HTTP RESPONSE 200
[info] i  hosting: Serving hosting files from: public
[info] ✔  hosting: Local server: http://localhost:5000

